app/build/intermediates/manifest_merge_blame_file/debug/processDebugMainManifest/manifest-merger-blame-debug-report.txt
1<?xml version="1.0" encoding="utf-8"?>
2<manifest xmlns:android="http://schemas.android.com/apk/res/android"
3    package="com.aveson.central"
4    android:versionCode="1"
5    android:versionName="1.0" >
6
7    <uses-sdk
8        android:minSdkVersion="24"
9        android:targetSdkVersion="35" />
10
11    <application
11-->src/main/AndroidManifest.xml:4:5-19:19
12        android:debuggable="true"
13        android:extractNativeLibs="false"
14        android:label="AVESON CENTRAL"
14-->src/main/AndroidManifest.xml:6:9-39
15        android:theme="@style/AppTheme" >
15-->src/main/AndroidManifest.xml:5:9-40
16        <activity
16-->src/main/AndroidManifest.xml:8:9-17:20
17            android:name="com.aveson.central.MainActivity"
17-->src/main/AndroidManifest.xml:9:13-41
18            android:exported="true" >
18-->src/main/AndroidManifest.xml:10:13-36
19            <intent-filter>
19-->src/main/AndroidManifest.xml:12:13-15:29
20                <action android:name="android.intent.action.MAIN" />
20-->src/main/AndroidManifest.xml:13:17-69
20-->src/main/AndroidManifest.xml:13:25-66
21
22                <category android:name="android.intent.category.LAUNCHER" />
22-->src/main/AndroidManifest.xml:14:17-77
22-->src/main/AndroidManifest.xml:14:27-74
23            </intent-filter>
24        </activity>
25    </application>
26
27</manifest>